<?xml version="1.0" encoding="UTF-8"?>
<!-- Generated by org.testng.reporters.JUnitReportReporter -->
<testsuite hostname="DESKTOP-0UGI13J" failures="0" tests="1" name="Tests.UpdateDefualtCal" time="28.731" errors="0" timestamp="2023-01-20T00:32:21 PST" skipped="0">
  <testcase classname="Tests.UpdateDefualtCal" name="TestUpdateCalculator" time="28.731"/>
  <system-out/>
</testsuite> <!-- Tests.UpdateDefualtCal -->
