<?xml version="1.0" encoding="UTF-8"?>
<!-- Generated by org.testng.reporters.JUnitReportReporter -->
<testsuite hostname="DESKTOP-0UGI13J" failures="0" tests="1" name="Tests.TestWithAllRequiredField" time="28.603" errors="0" timestamp="2023-01-20T05:25:01 PST" skipped="0">
  <testcase classname="Tests.TestWithAllRequiredField" name="TestWithRequiredField" time="28.603"/>
  <system-out/>
</testsuite> <!-- Tests.TestWithAllRequiredField -->
