<?xml version="1.0" encoding="UTF-8"?>
<!-- Generated by org.testng.reporters.JUnitReportReporter -->
<testsuite hostname="DESKTOP-0UGI13J" failures="0" tests="1" name="Tests.TestUpdateDefualtCal" time="34.089" errors="0" timestamp="2023-01-20T05:33:15 PST" skipped="0">
  <testcase classname="Tests.TestUpdateDefualtCal" name="TestUpdateCalculator" time="34.089"/>
  <system-out/>
</testsuite> <!-- Tests.TestUpdateDefualtCal -->
