<?xml version="1.0" encoding="UTF-8"?>
<!-- Generated by org.testng.reporters.JUnitReportReporter -->
<testsuite hostname="DESKTOP-0UGI13J" failures="0" tests="1" name="Tests.TestWithAllRequiredField" time="23.287" errors="0" timestamp="2023-01-27T01:58:55 PST" skipped="0">
  <testcase classname="Tests.TestWithAllRequiredField" name="TestWithRequiredField" time="23.287"/>
  <system-out/>
</testsuite> <!-- Tests.TestWithAllRequiredField -->
