<?xml version="1.0" encoding="UTF-8"?>
<!-- Generated by org.testng.reporters.JUnitReportReporter -->
<testsuite hostname="DESKTOP-0UGI13J" failures="0" tests="1" name="Tests.TestWithAllField" time="24.280" errors="0" timestamp="2023-01-27T02:18:36 PST" skipped="0">
  <testcase classname="Tests.TestWithAllField" name="TestWithRequiredField" time="24.280"/>
  <system-out/>
</testsuite> <!-- Tests.TestWithAllField -->
