<?xml version="1.0" encoding="UTF-8"?>
<!-- Generated by org.testng.reporters.JUnitReportReporter -->
<testsuite hostname="DESKTOP-0UGI13J" failures="0" tests="1" name="Tests.TestSocialSecurityToggle" time="17.700" errors="0" timestamp="2023-01-27T02:17:49 PST" skipped="0">
  <testcase classname="Tests.TestSocialSecurityToggle" name="TestSocialSecurityFile" time="17.700"/>
  <system-out/>
</testsuite> <!-- Tests.TestSocialSecurityToggle -->
